#-----------------------------------------------------------
# Vivado v2024.2 (64-bit)
# SW Build 5239630 on Fri Nov 08 22:34:34 MST 2024
# IP Build 5239520 on Sun Nov 10 16:12:51 MST 2024
# SharedData Build 5239561 on Fri Nov 08 14:39:27 MST 2024
# Start of session at: Fri Apr 25 17:11:53 2025
# Process ID         : 10302
# Current directory  : /home/oliver/Documents/fpga_prototyping_sv_examples/6.5.3_fibonacci_1/vivado
# Command line       : vivado
# Log file           : /home/oliver/Documents/fpga_prototyping_sv_examples/6.5.3_fibonacci_1/vivado/vivado.log
# Journal file       : /home/oliver/Documents/fpga_prototyping_sv_examples/6.5.3_fibonacci_1/vivado/vivado.jou
# Running On         : oliver-fw13
# Platform           : Linuxmint
# Operating System   : Linux Mint 22.1
# Processor Detail   : AMD Ryzen 5 7640U w/ Radeon 760M Graphics
# CPU Frequency      : 2939.734 MHz
# CPU Physical cores : 6
# CPU Logical cores  : 12
# Host memory        : 15907 MB
# Swap memory        : 2147 MB
# Total Virtual      : 18054 MB
# Available Virtual  : 14791 MB
#-----------------------------------------------------------
start_gui
WARNING: [Board 49-26] cannot add Board Part xilinx.com:zcu208ld:part0:2.0 available at /tools/Xilinx/Vivado/2024.2/data/xhub/boards/XilinxBoardStore/boards/Xilinx/zcu208ld/production/2.0/board.xml as part xczu58dr-fsvg1517-2-i specified in board_part file is either invalid or not available
WARNING: [Board 49-26] cannot add Board Part xilinx.com:zcu216ld:part0:2.0 available at /tools/Xilinx/Vivado/2024.2/data/xhub/boards/XilinxBoardStore/boards/Xilinx/zcu216ld/production/2.0/board.xml as part xczu59dr-ffvf1760-2-i specified in board_part file is either invalid or not available
WARNING: [Board 49-26] cannot add Board Part xilinx.com:zcu670ld:part0:1.0 available at /tools/Xilinx/Vivado/2024.2/data/xhub/boards/XilinxBoardStore/boards/Xilinx/zcu670ld/1.0/board.xml as part xczu57dr-fsve1156-2-i specified in board_part file is either invalid or not available
exit
INFO: [Common 17-206] Exiting Vivado at Fri Apr 25 17:15:42 2025...
